  [1m[36m (1.7ms)[0m  [1mCREATE TABLE "schema_migrations" ("version" varchar NOT NULL) [0m
  [1m[35m (0.1ms)[0m  select sqlite_version(*)
  [1m[36m (1.6ms)[0m  [1mCREATE UNIQUE INDEX "unique_schema_migrations" ON "schema_migrations" ("version")[0m
  [1m[35mActiveRecord::SchemaMigration Load (0.1ms)[0m  SELECT "schema_migrations".* FROM "schema_migrations"


Started GET "/" for ::1 at 2015-11-17 17:47:54 -0600
Processing by Rails::WelcomeController#index as HTML
  Rendered /Users/admin/.rvm/gems/ruby-2.1.2/gems/railties-4.2.3/lib/rails/templates/rails/welcome/index.html.erb (2.8ms)
Completed 200 OK in 27ms (Views: 19.4ms | ActiveRecord: 0.0ms)
  [1m[36mActiveRecord::SchemaMigration Load (0.1ms)[0m  [1mSELECT "schema_migrations".* FROM "schema_migrations"[0m
Migrating to CreateStudents (1)
  [1m[35m (0.1ms)[0m  begin transaction
  [1m[36m (0.4ms)[0m  [1mCREATE TABLE "students" ("id" INTEGER PRIMARY KEY AUTOINCREMENT NOT NULL, "first_name" varchar, "last_name" varchar, "created_at" datetime NOT NULL, "updated_at" datetime NOT NULL) [0m
  [1m[35mSQL (0.3ms)[0m  INSERT INTO "schema_migrations" ("version") VALUES (?)  [["version", "1"]]
  [1m[36m (1.4ms)[0m  [1mcommit transaction[0m
  [1m[35mActiveRecord::SchemaMigration Load (0.1ms)[0m  SELECT "schema_migrations".* FROM "schema_migrations"
  [1m[36m (0.1ms)[0m  [1mbegin transaction[0m
  [1m[35mSQL (0.3ms)[0m  INSERT INTO "students" ("first_name", "last_name", "created_at", "updated_at") VALUES (?, ?, ?, ?)  [["first_name", "Jordan"], ["last_name", "Hudgens"], ["created_at", "2015-11-18 00:10:55.545365"], ["updated_at", "2015-11-18 00:10:55.545365"]]
  [1m[36m (2.9ms)[0m  [1mcommit transaction[0m
  [1m[35mStudent Load (0.2ms)[0m  SELECT  "students".* FROM "students"  ORDER BY "students"."id" DESC LIMIT 1
  [1m[36m (0.1ms)[0m  [1mbegin transaction[0m
  [1m[35mSQL (0.3ms)[0m  INSERT INTO "students" ("created_at", "updated_at") VALUES (?, ?)  [["created_at", "2015-11-18 00:17:49.095449"], ["updated_at", "2015-11-18 00:17:49.095449"]]
  [1m[36m (1.2ms)[0m  [1mcommit transaction[0m
  [1m[35mStudent Load (0.2ms)[0m  SELECT  "students".* FROM "students"  ORDER BY "students"."id" DESC LIMIT 1
  [1m[36mActiveRecord::SchemaMigration Load (0.1ms)[0m  [1mSELECT "schema_migrations".* FROM "schema_migrations"[0m
  [1m[35mActiveRecord::SchemaMigration Load (0.1ms)[0m  SELECT "schema_migrations".* FROM "schema_migrations"


Started GET "/" for ::1 at 2015-11-18 13:36:42 -0600
  [1m[36mActiveRecord::SchemaMigration Load (0.1ms)[0m  [1mSELECT "schema_migrations".* FROM "schema_migrations"[0m
Processing by Rails::WelcomeController#index as HTML
  Rendered /Users/admin/.rvm/gems/ruby-2.1.2/gems/railties-4.2.3/lib/rails/templates/rails/welcome/index.html.erb (2.4ms)
Completed 200 OK in 39ms (Views: 24.5ms | ActiveRecord: 0.0ms)


Started GET "/" for ::1 at 2015-11-18 13:37:10 -0600
Processing by Rails::WelcomeController#index as HTML
  Rendered /Users/admin/.rvm/gems/ruby-2.1.2/gems/railties-4.2.3/lib/rails/templates/rails/welcome/index.html.erb (0.0ms)
Completed 200 OK in 1ms (Views: 0.7ms | ActiveRecord: 0.0ms)
  [1m[36mActiveRecord::SchemaMigration Load (0.5ms)[0m  [1mSELECT "schema_migrations".* FROM "schema_migrations"[0m
  [1m[35mActiveRecord::SchemaMigration Load (0.1ms)[0m  SELECT "schema_migrations".* FROM "schema_migrations"
  [1m[36mStudent Load (0.4ms)[0m  [1mSELECT  "students".* FROM "students"  ORDER BY "students"."id" DESC LIMIT 1[0m
  [1m[35mStudent Load (0.2ms)[0m  SELECT  "students".* FROM "students"  ORDER BY "students"."id" DESC LIMIT 1
  [1m[36m (0.1ms)[0m  [1mbegin transaction[0m
  [1m[35mSQL (0.6ms)[0m  DELETE FROM "students" WHERE "students"."id" = ?  [["id", 2]]
  [1m[36m (1.6ms)[0m  [1mcommit transaction[0m
  [1m[35mStudent Load (0.2ms)[0m  SELECT "students".* FROM "students"
  [1m[35m (1.3ms)[0m  [1m[35mCREATE TABLE "ar_internal_metadata" ("key" varchar NOT NULL PRIMARY KEY, "value" varchar, "created_at" datetime NOT NULL, "updated_at" datetime NOT NULL)[0m
  [1m[36mActiveRecord::SchemaMigration Load (0.1ms)[0m  [1m[34mSELECT "schema_migrations".* FROM "schema_migrations"[0m
  [1m[36mActiveRecord::InternalMetadata Load (0.1ms)[0m  [1m[34mSELECT  "ar_internal_metadata".* FROM "ar_internal_metadata" WHERE "ar_internal_metadata"."key" = ? LIMIT ?[0m  [["key", "environment"], ["LIMIT", 1]]
  [1m[35m (0.0ms)[0m  [1m[36mbegin transaction[0m
  [1m[35mSQL (0.2ms)[0m  [1m[32mINSERT INTO "ar_internal_metadata" ("key", "value", "created_at", "updated_at") VALUES (?, ?, ?, ?)[0m  [["key", "environment"], ["value", "development"], ["created_at", "2019-04-09 00:42:17.815256"], ["updated_at", "2019-04-09 00:42:17.815256"]]
  [1m[35m (0.7ms)[0m  [1m[36mcommit transaction[0m
  [1m[36mActiveRecord::SchemaMigration Load (0.0ms)[0m  [1m[34mSELECT "schema_migrations".* FROM "schema_migrations"[0m
  [1m[36mActiveRecord::SchemaMigration Load (0.1ms)[0m  [1m[34mSELECT "schema_migrations".* FROM "schema_migrations"[0m
Migrating to CreateSchoolClass (2)
  [1m[35m (0.0ms)[0m  [1m[36mbegin transaction[0m
DEPRECATION WARNING: Directly inheriting from ActiveRecord::Migration is deprecated. Please specify the Rails release the migration was written for:

  class CreateSchoolClass < ActiveRecord::Migration[4.2] (called from require at bin/rails:4)
  [1m[35m (0.3ms)[0m  [1m[35mCREATE TABLE "school_class" ("id" INTEGER PRIMARY KEY AUTOINCREMENT NOT NULL, "title" varchar, "room_number" integer, "created_at" datetime NOT NULL, "updated_at" datetime NOT NULL)[0m
  [1m[35mSQL (0.2ms)[0m  [1m[32mINSERT INTO "schema_migrations" ("version") VALUES (?)[0m  [["version", "2"]]
  [1m[35m (1.0ms)[0m  [1m[36mcommit transaction[0m
  [1m[36mActiveRecord::InternalMetadata Load (0.1ms)[0m  [1m[34mSELECT  "ar_internal_metadata".* FROM "ar_internal_metadata" WHERE "ar_internal_metadata"."key" = ? LIMIT ?[0m  [["key", "environment"], ["LIMIT", 1]]
  [1m[35m (0.1ms)[0m  [1m[36mbegin transaction[0m
  [1m[35m (0.0ms)[0m  [1m[36mcommit transaction[0m
  [1m[36mActiveRecord::SchemaMigration Load (0.1ms)[0m  [1m[34mSELECT "schema_migrations".* FROM "schema_migrations"[0m
  [1m[36mActiveRecord::SchemaMigration Load (0.1ms)[0m  [1m[34mSELECT "schema_migrations".* FROM "schema_migrations"[0m
  [1m[36mActiveRecord::SchemaMigration Load (0.0ms)[0m  [1m[34mSELECT "schema_migrations".* FROM "schema_migrations"[0m
Migrating to CreateSchoolClass (2)
  [1m[35m (0.0ms)[0m  [1m[36mbegin transaction[0m
DEPRECATION WARNING: Directly inheriting from ActiveRecord::Migration is deprecated. Please specify the Rails release the migration was written for:

  class CreateSchoolClass < ActiveRecord::Migration[4.2] (called from require at bin/rails:4)
  [1m[35m (0.4ms)[0m  [1m[35mDROP TABLE "school_class"[0m
  [1m[35mSQL (0.1ms)[0m  [1m[31mDELETE FROM "schema_migrations" WHERE "schema_migrations"."version" = ?[0m  [["version", "2"]]
  [1m[35m (0.6ms)[0m  [1m[36mcommit transaction[0m
  [1m[36mActiveRecord::SchemaMigration Load (0.1ms)[0m  [1m[34mSELECT "schema_migrations".* FROM "schema_migrations"[0m
  [1m[36mActiveRecord::SchemaMigration Load (0.1ms)[0m  [1m[34mSELECT "schema_migrations".* FROM "schema_migrations"[0m
Migrating to CreateSchoolClass (2)
  [1m[35m (0.0ms)[0m  [1m[36mbegin transaction[0m
DEPRECATION WARNING: Directly inheriting from ActiveRecord::Migration is deprecated. Please specify the Rails release the migration was written for:

  class CreateSchoolClass < ActiveRecord::Migration[4.2] (called from require at bin/rails:4)
  [1m[35m (0.5ms)[0m  [1m[35mCREATE TABLE "school_classes" ("id" INTEGER PRIMARY KEY AUTOINCREMENT NOT NULL, "title" varchar, "room_number" integer, "created_at" datetime NOT NULL, "updated_at" datetime NOT NULL)[0m
  [1m[35mSQL (0.2ms)[0m  [1m[32mINSERT INTO "schema_migrations" ("version") VALUES (?)[0m  [["version", "2"]]
  [1m[35m (1.1ms)[0m  [1m[36mcommit transaction[0m
  [1m[36mActiveRecord::InternalMetadata Load (0.1ms)[0m  [1m[34mSELECT  "ar_internal_metadata".* FROM "ar_internal_metadata" WHERE "ar_internal_metadata"."key" = ? LIMIT ?[0m  [["key", "environment"], ["LIMIT", 1]]
  [1m[35m (0.0ms)[0m  [1m[36mbegin transaction[0m
  [1m[35m (0.0ms)[0m  [1m[36mcommit transaction[0m
  [1m[36mActiveRecord::SchemaMigration Load (0.1ms)[0m  [1m[34mSELECT "schema_migrations".* FROM "schema_migrations"[0m
  [1m[35m (0.1ms)[0m  [1m[36mbegin transaction[0m
  [1m[35mSQL (0.9ms)[0m  [1m[32mINSERT INTO "school_classes" ("title", "room_number", "created_at", "updated_at") VALUES (?, ?, ?, ?)[0m  [["title", "the one"], ["room_number", 2], ["created_at", "2019-04-09 16:32:03.742755"], ["updated_at", "2019-04-09 16:32:03.742755"]]
  [1m[35m (0.9ms)[0m  [1m[36mcommit transaction[0m
  [1m[36mActiveRecord::SchemaMigration Load (0.7ms)[0m  [1m[34mSELECT "schema_migrations".* FROM "schema_migrations"[0m
  [1m[36mActiveRecord::SchemaMigration Load (0.0ms)[0m  [1m[34mSELECT "schema_migrations".* FROM "schema_migrations"[0m
Migrating to CreateSchoolClass (2)
  [1m[35m (0.1ms)[0m  [1m[36mbegin transaction[0m
DEPRECATION WARNING: Directly inheriting from ActiveRecord::Migration is deprecated. Please specify the Rails release the migration was written for:

  class CreateSchoolClass < ActiveRecord::Migration[4.2] (called from require at bin/rails:4)
  [1m[35m (0.6ms)[0m  [1m[35mDROP TABLE "school_classes"[0m
  [1m[35mSQL (0.2ms)[0m  [1m[31mDELETE FROM "schema_migrations" WHERE "schema_migrations"."version" = ?[0m  [["version", "2"]]
  [1m[35m (0.8ms)[0m  [1m[36mcommit transaction[0m
  [1m[36mActiveRecord::SchemaMigration Load (0.1ms)[0m  [1m[34mSELECT "schema_migrations".* FROM "schema_migrations"[0m
  [1m[36mActiveRecord::SchemaMigration Load (0.1ms)[0m  [1m[34mSELECT "schema_migrations".* FROM "schema_migrations"[0m
Migrating to CreateSchoolClass (2)
  [1m[35m (0.0ms)[0m  [1m[36mbegin transaction[0m
DEPRECATION WARNING: Directly inheriting from ActiveRecord::Migration is deprecated. Please specify the Rails release the migration was written for:

  class CreateSchoolClass < ActiveRecord::Migration[4.2] (called from require at bin/rails:4)
  [1m[35m (0.4ms)[0m  [1m[35mCREATE TABLE "school_classes" ("id" INTEGER PRIMARY KEY AUTOINCREMENT NOT NULL, "title" varchar, "room_number" integer, "created_at" datetime NOT NULL, "updated_at" datetime NOT NULL)[0m
  [1m[35mSQL (0.2ms)[0m  [1m[32mINSERT INTO "schema_migrations" ("version") VALUES (?)[0m  [["version", "2"]]
  [1m[35m (0.7ms)[0m  [1m[36mcommit transaction[0m
  [1m[36mActiveRecord::InternalMetadata Load (0.8ms)[0m  [1m[34mSELECT  "ar_internal_metadata".* FROM "ar_internal_metadata" WHERE "ar_internal_metadata"."key" = ? LIMIT ?[0m  [["key", "environment"], ["LIMIT", 1]]
  [1m[35m (0.1ms)[0m  [1m[36mbegin transaction[0m
  [1m[35m (0.0ms)[0m  [1m[36mcommit transaction[0m
  [1m[36mActiveRecord::SchemaMigration Load (0.1ms)[0m  [1m[34mSELECT "schema_migrations".* FROM "schema_migrations"[0m
Started GET "/students" for ::1 at 2019-04-09 09:54:51 -0700
  [1m[36mActiveRecord::SchemaMigration Load (0.1ms)[0m  [1m[34mSELECT "schema_migrations".* FROM "schema_migrations"[0m
Processing by StudentsController#index as HTML
  Rendering students/index.html.erb within layouts/application
  [1m[36mStudent Load (0.9ms)[0m  [1m[34mSELECT "students".* FROM "students"[0m
  Rendered students/index.html.erb within layouts/application (10.1ms)
Completed 500 Internal Server Error in 26ms (ActiveRecord: 1.2ms)


  
ActionView::Template::Error (undefined method `title' for #<Student:0x007f905a8a5088>):
    1: <% @students.each do |student| %>
    2:   <div><%= student.title %></div>
    3: <% end %>
  
app/views/students/index.html.erb:2:in `block in _app_views_students_index_html_erb___3837888645117113305_70128950177960'
app/views/students/index.html.erb:1:in `_app_views_students_index_html_erb___3837888645117113305_70128950177960'
  Rendering /Users/jonathon/.rvm/gems/ruby-2.3.3/gems/actionpack-5.0.7.1/lib/action_dispatch/middleware/templates/rescues/template_error.html.erb within rescues/layout
  Rendering /Users/jonathon/.rvm/gems/ruby-2.3.3/gems/actionpack-5.0.7.1/lib/action_dispatch/middleware/templates/rescues/_source.html.erb
  Rendered /Users/jonathon/.rvm/gems/ruby-2.3.3/gems/actionpack-5.0.7.1/lib/action_dispatch/middleware/templates/rescues/_source.html.erb (2.7ms)
  Rendering /Users/jonathon/.rvm/gems/ruby-2.3.3/gems/actionpack-5.0.7.1/lib/action_dispatch/middleware/templates/rescues/_trace.html.erb
  Rendered /Users/jonathon/.rvm/gems/ruby-2.3.3/gems/actionpack-5.0.7.1/lib/action_dispatch/middleware/templates/rescues/_trace.html.erb (1.1ms)
  Rendering /Users/jonathon/.rvm/gems/ruby-2.3.3/gems/actionpack-5.0.7.1/lib/action_dispatch/middleware/templates/rescues/_request_and_response.html.erb
  Rendered /Users/jonathon/.rvm/gems/ruby-2.3.3/gems/actionpack-5.0.7.1/lib/action_dispatch/middleware/templates/rescues/_request_and_response.html.erb (0.5ms)
  Rendered /Users/jonathon/.rvm/gems/ruby-2.3.3/gems/actionpack-5.0.7.1/lib/action_dispatch/middleware/templates/rescues/template_error.html.erb within rescues/layout (83.8ms)
Started GET "/students" for ::1 at 2019-04-09 09:55:44 -0700
Processing by StudentsController#index as HTML
  Rendering students/index.html.erb within layouts/application
  [1m[36mStudent Load (0.3ms)[0m  [1m[34mSELECT "students".* FROM "students"[0m
  Rendered students/index.html.erb within layouts/application (1.4ms)
Completed 200 OK in 299ms (Views: 296.7ms | ActiveRecord: 0.3ms)


Started GET "/students/new" for ::1 at 2019-04-09 09:55:52 -0700
Processing by StudentsController#new as HTML
  Rendering students/new.html.erb within layouts/application
  Rendered students/new.html.erb within layouts/application (2.4ms)
Completed 500 Internal Server Error in 11ms (ActiveRecord: 0.0ms)


  
ActionView::Template::Error (First argument in form cannot contain nil or be empty):
    1: <%= form_for(@post) do |f| %>
    2:   <label>Post title:</label><br>
    3:   <%= f.text_field :title %><br>
    4: 
  
app/views/students/new.html.erb:1:in `_app_views_students_new_html_erb___2706233830155216815_70128960872000'
  Rendering /Users/jonathon/.rvm/gems/ruby-2.3.3/gems/actionpack-5.0.7.1/lib/action_dispatch/middleware/templates/rescues/template_error.html.erb within rescues/layout
  Rendering /Users/jonathon/.rvm/gems/ruby-2.3.3/gems/actionpack-5.0.7.1/lib/action_dispatch/middleware/templates/rescues/_source.html.erb
  Rendered /Users/jonathon/.rvm/gems/ruby-2.3.3/gems/actionpack-5.0.7.1/lib/action_dispatch/middleware/templates/rescues/_source.html.erb (2.2ms)
  Rendering /Users/jonathon/.rvm/gems/ruby-2.3.3/gems/actionpack-5.0.7.1/lib/action_dispatch/middleware/templates/rescues/_trace.html.erb
  Rendered /Users/jonathon/.rvm/gems/ruby-2.3.3/gems/actionpack-5.0.7.1/lib/action_dispatch/middleware/templates/rescues/_trace.html.erb (1.1ms)
  Rendering /Users/jonathon/.rvm/gems/ruby-2.3.3/gems/actionpack-5.0.7.1/lib/action_dispatch/middleware/templates/rescues/_request_and_response.html.erb
  Rendered /Users/jonathon/.rvm/gems/ruby-2.3.3/gems/actionpack-5.0.7.1/lib/action_dispatch/middleware/templates/rescues/_request_and_response.html.erb (0.5ms)
  Rendered /Users/jonathon/.rvm/gems/ruby-2.3.3/gems/actionpack-5.0.7.1/lib/action_dispatch/middleware/templates/rescues/template_error.html.erb within rescues/layout (70.6ms)
Started GET "/students/new" for ::1 at 2019-04-09 09:57:11 -0700
Processing by StudentsController#new as HTML
  Rendering students/new.html.erb within layouts/application
  Rendered students/new.html.erb within layouts/application (15.6ms)
Completed 200 OK in 32ms (Views: 30.1ms | ActiveRecord: 0.0ms)


Started POST "/students" for ::1 at 2019-04-09 09:57:29 -0700
Processing by StudentsController#create as HTML
  Parameters: {"utf8"=>"✓", "authenticity_token"=>"kFy6RqOnJOjOpAXIobCludxTR//IfZsfGPoWsh0k6fFMKkBq7X9TDFCY4uaQbWlVPD9nywA+RpkL5JUdtFevYg==", "student"=>{"first_name"=>"doug  ", "last_name"=>"wort "}, "commit"=>"Create Student"}
Completed 400 Bad Request in 1ms (ActiveRecord: 0.0ms)


  
ActionController::ParameterMissing (param is missing or the value is empty: post):
  
app/controllers/students_controller.rb:16:in `create'
  Rendering /Users/jonathon/.rvm/gems/ruby-2.3.3/gems/actionpack-5.0.7.1/lib/action_dispatch/middleware/templates/rescues/diagnostics.html.erb within rescues/layout
  Rendering /Users/jonathon/.rvm/gems/ruby-2.3.3/gems/actionpack-5.0.7.1/lib/action_dispatch/middleware/templates/rescues/_source.html.erb
  Rendered /Users/jonathon/.rvm/gems/ruby-2.3.3/gems/actionpack-5.0.7.1/lib/action_dispatch/middleware/templates/rescues/_source.html.erb (1.9ms)
  Rendering /Users/jonathon/.rvm/gems/ruby-2.3.3/gems/actionpack-5.0.7.1/lib/action_dispatch/middleware/templates/rescues/_trace.html.erb
  Rendered /Users/jonathon/.rvm/gems/ruby-2.3.3/gems/actionpack-5.0.7.1/lib/action_dispatch/middleware/templates/rescues/_trace.html.erb (0.9ms)
  Rendering /Users/jonathon/.rvm/gems/ruby-2.3.3/gems/actionpack-5.0.7.1/lib/action_dispatch/middleware/templates/rescues/_request_and_response.html.erb
  Rendered /Users/jonathon/.rvm/gems/ruby-2.3.3/gems/actionpack-5.0.7.1/lib/action_dispatch/middleware/templates/rescues/_request_and_response.html.erb (1.0ms)
  Rendered /Users/jonathon/.rvm/gems/ruby-2.3.3/gems/actionpack-5.0.7.1/lib/action_dispatch/middleware/templates/rescues/diagnostics.html.erb within rescues/layout (73.7ms)
Started POST "/students" for ::1 at 2019-04-09 09:59:49 -0700
Processing by StudentsController#create as HTML
  Parameters: {"utf8"=>"✓", "authenticity_token"=>"kFy6RqOnJOjOpAXIobCludxTR//IfZsfGPoWsh0k6fFMKkBq7X9TDFCY4uaQbWlVPD9nywA+RpkL5JUdtFevYg==", "student"=>{"first_name"=>"doug  ", "last_name"=>"wort "}, "commit"=>"Create Student"}
Started GET "/students" for ::1 at 2019-04-09 10:48:02 -0700
  [1m[36mActiveRecord::SchemaMigration Load (0.1ms)[0m  [1m[34mSELECT "schema_migrations".* FROM "schema_migrations"[0m
Processing by StudentsController#index as HTML
  Rendering students/index.html.erb within layouts/application
  [1m[36mStudent Load (0.1ms)[0m  [1m[34mSELECT "students".* FROM "students"[0m
  Rendered students/index.html.erb within layouts/application (5.0ms)
Completed 200 OK in 225ms (Views: 214.7ms | ActiveRecord: 0.5ms)


Started GET "/students/new" for ::1 at 2019-04-09 10:48:06 -0700
Processing by StudentsController#new as HTML
  Rendering students/new.html.erb within layouts/application
  Rendered students/new.html.erb within layouts/application (15.1ms)
Completed 200 OK in 34ms (Views: 31.2ms | ActiveRecord: 0.0ms)


Started POST "/students" for ::1 at 2019-04-09 10:48:12 -0700
Processing by StudentsController#create as HTML
  Parameters: {"utf8"=>"✓", "authenticity_token"=>"IAD7+8dtBe+5ArnWPn4DTiaByPzmClt/PX/MJovZuFP8dgHXibVyCyc+XvgPo8+ixu3oyC5JhvkuYU+JIqr+wA==", "student"=>{"first_name"=>"doug", "last_name"=>"wart\r\n"}, "commit"=>"Create Student"}
  [1m[35m (0.1ms)[0m  [1m[36mbegin transaction[0m
  [1m[35mSQL (0.8ms)[0m  [1m[32mINSERT INTO "students" ("first_name", "last_name", "created_at", "updated_at") VALUES (?, ?, ?, ?)[0m  [["first_name", "doug"], ["last_name", "wart\r\n"], ["created_at", "2019-04-09 17:48:12.868867"], ["updated_at", "2019-04-09 17:48:12.868867"]]
  [1m[35m (1.0ms)[0m  [1m[36mcommit transaction[0m
Completed 500 Internal Server Error in 14ms (ActiveRecord: 1.9ms)


  
NoMethodError (undefined method `post_path' for #<StudentsController:0x007f8c8659d480>):
  
app/controllers/students_controller.rb:18:in `create'
  Rendering /Users/jonathon/.rvm/gems/ruby-2.3.3/gems/actionpack-5.0.7.1/lib/action_dispatch/middleware/templates/rescues/diagnostics.html.erb within rescues/layout
  Rendering /Users/jonathon/.rvm/gems/ruby-2.3.3/gems/actionpack-5.0.7.1/lib/action_dispatch/middleware/templates/rescues/_source.html.erb
  Rendered /Users/jonathon/.rvm/gems/ruby-2.3.3/gems/actionpack-5.0.7.1/lib/action_dispatch/middleware/templates/rescues/_source.html.erb (1.5ms)
  Rendering /Users/jonathon/.rvm/gems/ruby-2.3.3/gems/actionpack-5.0.7.1/lib/action_dispatch/middleware/templates/rescues/_trace.html.erb
  Rendered /Users/jonathon/.rvm/gems/ruby-2.3.3/gems/actionpack-5.0.7.1/lib/action_dispatch/middleware/templates/rescues/_trace.html.erb (1.1ms)
  Rendering /Users/jonathon/.rvm/gems/ruby-2.3.3/gems/actionpack-5.0.7.1/lib/action_dispatch/middleware/templates/rescues/_request_and_response.html.erb
  Rendered /Users/jonathon/.rvm/gems/ruby-2.3.3/gems/actionpack-5.0.7.1/lib/action_dispatch/middleware/templates/rescues/_request_and_response.html.erb (0.8ms)
  Rendered /Users/jonathon/.rvm/gems/ruby-2.3.3/gems/actionpack-5.0.7.1/lib/action_dispatch/middleware/templates/rescues/diagnostics.html.erb within rescues/layout (73.3ms)
Started POST "/students" for ::1 at 2019-04-09 10:48:40 -0700
Processing by StudentsController#create as HTML
  Parameters: {"utf8"=>"✓", "authenticity_token"=>"IAD7+8dtBe+5ArnWPn4DTiaByPzmClt/PX/MJovZuFP8dgHXibVyCyc+XvgPo8+ixu3oyC5JhvkuYU+JIqr+wA==", "student"=>{"first_name"=>"doug", "last_name"=>"wart\r\n"}, "commit"=>"Create Student"}
  [1m[35m (0.0ms)[0m  [1m[36mbegin transaction[0m
  [1m[35mSQL (0.4ms)[0m  [1m[32mINSERT INTO "students" ("first_name", "last_name", "created_at", "updated_at") VALUES (?, ?, ?, ?)[0m  [["first_name", "doug"], ["last_name", "wart\r\n"], ["created_at", "2019-04-09 17:48:40.983282"], ["updated_at", "2019-04-09 17:48:40.983282"]]
  [1m[35m (1.2ms)[0m  [1m[36mcommit transaction[0m
Redirected to http://localhost:3000/students/4
Completed 302 Found in 10ms (ActiveRecord: 2.3ms)


Started GET "/students/4" for ::1 at 2019-04-09 10:48:40 -0700
Processing by StudentsController#show as HTML
  Parameters: {"id"=>"4"}
  [1m[36mStudent Load (0.2ms)[0m  [1m[34mSELECT  "students".* FROM "students" WHERE "students"."id" = ? LIMIT ?[0m  [["id", 4], ["LIMIT", 1]]
  Rendering students/show.html.erb within layouts/application
  Rendered students/show.html.erb within layouts/application (3.0ms)
Completed 500 Internal Server Error in 20ms (ActiveRecord: 0.2ms)


  
ActionView::Template::Error (undefined method `title' for nil:NilClass):
    1: <h1><%= @post.title %></h1>
    2: <p><%= @post.description %></p>
  
app/views/students/show.html.erb:1:in `_app_views_students_show_html_erb___3564803693609584600_70120762808300'
  Rendering /Users/jonathon/.rvm/gems/ruby-2.3.3/gems/actionpack-5.0.7.1/lib/action_dispatch/middleware/templates/rescues/template_error.html.erb within rescues/layout
  Rendering /Users/jonathon/.rvm/gems/ruby-2.3.3/gems/actionpack-5.0.7.1/lib/action_dispatch/middleware/templates/rescues/_source.html.erb
  Rendered /Users/jonathon/.rvm/gems/ruby-2.3.3/gems/actionpack-5.0.7.1/lib/action_dispatch/middleware/templates/rescues/_source.html.erb (2.3ms)
  Rendering /Users/jonathon/.rvm/gems/ruby-2.3.3/gems/actionpack-5.0.7.1/lib/action_dispatch/middleware/templates/rescues/_trace.html.erb
  Rendered /Users/jonathon/.rvm/gems/ruby-2.3.3/gems/actionpack-5.0.7.1/lib/action_dispatch/middleware/templates/rescues/_trace.html.erb (1.4ms)
  Rendering /Users/jonathon/.rvm/gems/ruby-2.3.3/gems/actionpack-5.0.7.1/lib/action_dispatch/middleware/templates/rescues/_request_and_response.html.erb
  Rendered /Users/jonathon/.rvm/gems/ruby-2.3.3/gems/actionpack-5.0.7.1/lib/action_dispatch/middleware/templates/rescues/_request_and_response.html.erb (0.6ms)
  Rendered /Users/jonathon/.rvm/gems/ruby-2.3.3/gems/actionpack-5.0.7.1/lib/action_dispatch/middleware/templates/rescues/template_error.html.erb within rescues/layout (71.7ms)
Started GET "/students/4" for ::1 at 2019-04-09 10:50:49 -0700
Processing by StudentsController#show as HTML
  Parameters: {"id"=>"4"}
  [1m[36mStudent Load (0.1ms)[0m  [1m[34mSELECT  "students".* FROM "students" WHERE "students"."id" = ? LIMIT ?[0m  [["id", 4], ["LIMIT", 1]]
  Rendering students/show.html.erb within layouts/application
  Rendered students/show.html.erb within layouts/application (0.5ms)
Completed 200 OK in 19ms (Views: 16.0ms | ActiveRecord: 0.1ms)


Started GET "/students" for ::1 at 2019-04-09 10:50:53 -0700
Processing by StudentsController#index as HTML
  Rendering students/index.html.erb within layouts/application
  [1m[36mStudent Load (0.2ms)[0m  [1m[34mSELECT "students".* FROM "students"[0m
  Rendered students/index.html.erb within layouts/application (1.2ms)
Completed 200 OK in 27ms (Views: 23.9ms | ActiveRecord: 0.2ms)


Started GET "/school_classes" for ::1 at 2019-04-09 10:52:52 -0700
  [1m[36mActiveRecord::SchemaMigration Load (0.1ms)[0m  [1m[34mSELECT "schema_migrations".* FROM "schema_migrations"[0m
Processing by SchoolClassesController#index as HTML
  Rendering school_classes/index.html.erb within layouts/application
  Rendered school_classes/index.html.erb within layouts/application (3.7ms)
Completed 500 Internal Server Error in 20ms (ActiveRecord: 0.0ms)


  
ActionView::Template::Error (undefined method `each' for nil:NilClass):
    1: <% @posts.each do |post| %>
    2:   <div><%= post.title %></div>
    3: <% end %>
  
app/views/school_classes/index.html.erb:1:in `_app_views_school_classes_index_html_erb__887617262700458119_70279960089880'
  Rendering /Users/jonathon/.rvm/gems/ruby-2.3.3/gems/actionpack-5.0.7.1/lib/action_dispatch/middleware/templates/rescues/template_error.html.erb within rescues/layout
  Rendering /Users/jonathon/.rvm/gems/ruby-2.3.3/gems/actionpack-5.0.7.1/lib/action_dispatch/middleware/templates/rescues/_source.html.erb
  Rendered /Users/jonathon/.rvm/gems/ruby-2.3.3/gems/actionpack-5.0.7.1/lib/action_dispatch/middleware/templates/rescues/_source.html.erb (2.1ms)
  Rendering /Users/jonathon/.rvm/gems/ruby-2.3.3/gems/actionpack-5.0.7.1/lib/action_dispatch/middleware/templates/rescues/_trace.html.erb
  Rendered /Users/jonathon/.rvm/gems/ruby-2.3.3/gems/actionpack-5.0.7.1/lib/action_dispatch/middleware/templates/rescues/_trace.html.erb (1.1ms)
  Rendering /Users/jonathon/.rvm/gems/ruby-2.3.3/gems/actionpack-5.0.7.1/lib/action_dispatch/middleware/templates/rescues/_request_and_response.html.erb
  Rendered /Users/jonathon/.rvm/gems/ruby-2.3.3/gems/actionpack-5.0.7.1/lib/action_dispatch/middleware/templates/rescues/_request_and_response.html.erb (0.5ms)
  Rendered /Users/jonathon/.rvm/gems/ruby-2.3.3/gems/actionpack-5.0.7.1/lib/action_dispatch/middleware/templates/rescues/template_error.html.erb within rescues/layout (71.3ms)
Started GET "/school_classes" for ::1 at 2019-04-09 10:56:09 -0700
Processing by SchoolClassesController#index as HTML
  Rendering school_classes/index.html.erb within layouts/application
  Rendered school_classes/index.html.erb within layouts/application (0.5ms)
Completed 500 Internal Server Error in 10ms (ActiveRecord: 0.0ms)


  
SyntaxError (/Users/jonathon/Dev/Labs/rails-form_for-lab-seattle-web-career-031119/app/views/school_classes/index.html.erb:1: syntax error, unexpected keyword_class, expecting '|'
...w; @school_class.each do |class| 
...                               ^
/Users/jonathon/Dev/Labs/rails-form_for-lab-seattle-web-career-031119/app/views/school_classes/index.html.erb:2: syntax error, unexpected '.'
...;@output_buffer.append=( class.title );@output_buffer.safe_a...
...                               ^
/Users/jonathon/Dev/Labs/rails-form_for-lab-seattle-web-career-031119/app/views/school_classes/index.html.erb:3: syntax error, unexpected '.'
...;@output_buffer.append=( class.room_number );@output_buffer....
...                               ^
/Users/jonathon/Dev/Labs/rails-form_for-lab-seattle-web-career-031119/app/views/school_classes/index.html.erb:6: syntax error, unexpected keyword_ensure, expecting end-of-input):
  
app/views/school_classes/index.html.erb:1: syntax error, unexpected keyword_class, expecting '|'
app/views/school_classes/index.html.erb:2: syntax error, unexpected '.'
app/views/school_classes/index.html.erb:3: syntax error, unexpected '.'
app/views/school_classes/index.html.erb:6: syntax error, unexpected keyword_ensure, expecting end-of-input
  Rendering /Users/jonathon/.rvm/gems/ruby-2.3.3/gems/actionpack-5.0.7.1/lib/action_dispatch/middleware/templates/rescues/diagnostics.html.erb within rescues/layout
  Rendering /Users/jonathon/.rvm/gems/ruby-2.3.3/gems/actionpack-5.0.7.1/lib/action_dispatch/middleware/templates/rescues/_source.html.erb
  Rendered /Users/jonathon/.rvm/gems/ruby-2.3.3/gems/actionpack-5.0.7.1/lib/action_dispatch/middleware/templates/rescues/_source.html.erb (2.8ms)
  Rendering /Users/jonathon/.rvm/gems/ruby-2.3.3/gems/actionpack-5.0.7.1/lib/action_dispatch/middleware/templates/rescues/_trace.html.erb
  Rendered /Users/jonathon/.rvm/gems/ruby-2.3.3/gems/actionpack-5.0.7.1/lib/action_dispatch/middleware/templates/rescues/_trace.html.erb (1.1ms)
  Rendering /Users/jonathon/.rvm/gems/ruby-2.3.3/gems/actionpack-5.0.7.1/lib/action_dispatch/middleware/templates/rescues/_request_and_response.html.erb
  Rendered /Users/jonathon/.rvm/gems/ruby-2.3.3/gems/actionpack-5.0.7.1/lib/action_dispatch/middleware/templates/rescues/_request_and_response.html.erb (0.5ms)
  Rendered /Users/jonathon/.rvm/gems/ruby-2.3.3/gems/actionpack-5.0.7.1/lib/action_dispatch/middleware/templates/rescues/diagnostics.html.erb within rescues/layout (76.3ms)
Started GET "/school_classes" for ::1 at 2019-04-09 10:56:29 -0700
Processing by SchoolClassesController#index as HTML
  Rendering school_classes/index.html.erb within layouts/application
  Rendered school_classes/index.html.erb within layouts/application (0.5ms)
Completed 500 Internal Server Error in 9ms (ActiveRecord: 0.0ms)


  
SyntaxError (/Users/jonathon/Dev/Labs/rails-form_for-lab-seattle-web-career-031119/app/views/school_classes/index.html.erb:1: syntax error, unexpected keyword_class, expecting '|'
...ew; @schoolclass.each do |class| 
...                               ^
/Users/jonathon/Dev/Labs/rails-form_for-lab-seattle-web-career-031119/app/views/school_classes/index.html.erb:2: syntax error, unexpected '.'
...;@output_buffer.append=( class.title );@output_buffer.safe_a...
...                               ^
/Users/jonathon/Dev/Labs/rails-form_for-lab-seattle-web-career-031119/app/views/school_classes/index.html.erb:3: syntax error, unexpected '.'
...;@output_buffer.append=( class.room_number );@output_buffer....
...                               ^
/Users/jonathon/Dev/Labs/rails-form_for-lab-seattle-web-career-031119/app/views/school_classes/index.html.erb:6: syntax error, unexpected keyword_ensure, expecting end-of-input):
  
app/views/school_classes/index.html.erb:1: syntax error, unexpected keyword_class, expecting '|'
app/views/school_classes/index.html.erb:2: syntax error, unexpected '.'
app/views/school_classes/index.html.erb:3: syntax error, unexpected '.'
app/views/school_classes/index.html.erb:6: syntax error, unexpected keyword_ensure, expecting end-of-input
  Rendering /Users/jonathon/.rvm/gems/ruby-2.3.3/gems/actionpack-5.0.7.1/lib/action_dispatch/middleware/templates/rescues/diagnostics.html.erb within rescues/layout
  Rendering /Users/jonathon/.rvm/gems/ruby-2.3.3/gems/actionpack-5.0.7.1/lib/action_dispatch/middleware/templates/rescues/_source.html.erb
  Rendered /Users/jonathon/.rvm/gems/ruby-2.3.3/gems/actionpack-5.0.7.1/lib/action_dispatch/middleware/templates/rescues/_source.html.erb (3.3ms)
  Rendering /Users/jonathon/.rvm/gems/ruby-2.3.3/gems/actionpack-5.0.7.1/lib/action_dispatch/middleware/templates/rescues/_trace.html.erb
  Rendered /Users/jonathon/.rvm/gems/ruby-2.3.3/gems/actionpack-5.0.7.1/lib/action_dispatch/middleware/templates/rescues/_trace.html.erb (1.4ms)
  Rendering /Users/jonathon/.rvm/gems/ruby-2.3.3/gems/actionpack-5.0.7.1/lib/action_dispatch/middleware/templates/rescues/_request_and_response.html.erb
  Rendered /Users/jonathon/.rvm/gems/ruby-2.3.3/gems/actionpack-5.0.7.1/lib/action_dispatch/middleware/templates/rescues/_request_and_response.html.erb (0.7ms)
  Rendered /Users/jonathon/.rvm/gems/ruby-2.3.3/gems/actionpack-5.0.7.1/lib/action_dispatch/middleware/templates/rescues/diagnostics.html.erb within rescues/layout (71.9ms)
Started GET "/school_classes" for ::1 at 2019-04-09 10:57:34 -0700
Processing by SchoolClassesController#index as HTML
  Rendering school_classes/index.html.erb within layouts/application
  [1m[36mSchoolClass Load (0.5ms)[0m  [1m[34mSELECT "school_classes".* FROM "school_classes"[0m
  Rendered school_classes/index.html.erb within layouts/application (2.1ms)
Completed 200 OK in 158ms (Views: 155.1ms | ActiveRecord: 0.7ms)


Started GET "/school_classes/new" for ::1 at 2019-04-09 10:58:12 -0700
  [1m[36mActiveRecord::SchemaMigration Load (0.1ms)[0m  [1m[34mSELECT "schema_migrations".* FROM "schema_migrations"[0m
Processing by SchoolClassesController#new as HTML
  Rendering school_classes/new.html.erb within layouts/application
  Rendered school_classes/new.html.erb within layouts/application (3.4ms)
Completed 500 Internal Server Error in 23ms (ActiveRecord: 0.4ms)


  
ActionView::Template::Error (First argument in form cannot contain nil or be empty):
    1: <%= form_for(@school_class) do |f| %>
    2:   <label>School Class:</label><br>
    3:   <%= f.text_field :title %><br>
    4: 
  
app/views/school_classes/new.html.erb:1:in `_app_views_school_classes_new_html_erb___4215338519282621631_70123589924440'
  Rendering /Users/jonathon/.rvm/gems/ruby-2.3.3/gems/actionpack-5.0.7.1/lib/action_dispatch/middleware/templates/rescues/template_error.html.erb within rescues/layout
  Rendering /Users/jonathon/.rvm/gems/ruby-2.3.3/gems/actionpack-5.0.7.1/lib/action_dispatch/middleware/templates/rescues/_source.html.erb
  Rendered /Users/jonathon/.rvm/gems/ruby-2.3.3/gems/actionpack-5.0.7.1/lib/action_dispatch/middleware/templates/rescues/_source.html.erb (2.5ms)
  Rendering /Users/jonathon/.rvm/gems/ruby-2.3.3/gems/actionpack-5.0.7.1/lib/action_dispatch/middleware/templates/rescues/_trace.html.erb
  Rendered /Users/jonathon/.rvm/gems/ruby-2.3.3/gems/actionpack-5.0.7.1/lib/action_dispatch/middleware/templates/rescues/_trace.html.erb (1.1ms)
  Rendering /Users/jonathon/.rvm/gems/ruby-2.3.3/gems/actionpack-5.0.7.1/lib/action_dispatch/middleware/templates/rescues/_request_and_response.html.erb
  Rendered /Users/jonathon/.rvm/gems/ruby-2.3.3/gems/actionpack-5.0.7.1/lib/action_dispatch/middleware/templates/rescues/_request_and_response.html.erb (0.6ms)
  Rendered /Users/jonathon/.rvm/gems/ruby-2.3.3/gems/actionpack-5.0.7.1/lib/action_dispatch/middleware/templates/rescues/template_error.html.erb within rescues/layout (73.0ms)
Started GET "/school_classes/new" for ::1 at 2019-04-09 10:58:40 -0700
Processing by SchoolClassesController#new as HTML
  Rendering school_classes/new.html.erb within layouts/application
  Rendered school_classes/new.html.erb within layouts/application (10.6ms)
Completed 200 OK in 200ms (Views: 197.8ms | ActiveRecord: 0.0ms)


Started POST "/school_classes" for ::1 at 2019-04-09 10:58:54 -0700
Processing by SchoolClassesController#create as HTML
  Parameters: {"utf8"=>"✓", "authenticity_token"=>"r7DzU5KtsVGB0CMfbeEUMS75d7bpFxthzi3+4+egO1hzxgl/3HXGtR/sxDFcPNjdzpVXgiFUxufdM31MTtN9yw==", "school_class"=>{"title"=>"5th grade", "room_number"=>"cool stuff"}, "commit"=>"Create School class"}
  [1m[35m (0.2ms)[0m  [1m[36mbegin transaction[0m
  [1m[35mSQL (0.5ms)[0m  [1m[32mINSERT INTO "school_classes" ("title", "room_number", "created_at", "updated_at") VALUES (?, ?, ?, ?)[0m  [["title", "5th grade"], ["room_number", 0], ["created_at", "2019-04-09 17:58:54.477192"], ["updated_at", "2019-04-09 17:58:54.477192"]]
  [1m[35m (1.4ms)[0m  [1m[36mcommit transaction[0m
Completed 500 Internal Server Error in 14ms (ActiveRecord: 2.1ms)


  
NoMethodError (undefined method `post_path' for #<SchoolClassesController:0x007f8ddda11888>):
  
app/controllers/school_classes_controller.rb:18:in `create'
  Rendering /Users/jonathon/.rvm/gems/ruby-2.3.3/gems/actionpack-5.0.7.1/lib/action_dispatch/middleware/templates/rescues/diagnostics.html.erb within rescues/layout
  Rendering /Users/jonathon/.rvm/gems/ruby-2.3.3/gems/actionpack-5.0.7.1/lib/action_dispatch/middleware/templates/rescues/_source.html.erb
  Rendered /Users/jonathon/.rvm/gems/ruby-2.3.3/gems/actionpack-5.0.7.1/lib/action_dispatch/middleware/templates/rescues/_source.html.erb (4.1ms)
  Rendering /Users/jonathon/.rvm/gems/ruby-2.3.3/gems/actionpack-5.0.7.1/lib/action_dispatch/middleware/templates/rescues/_trace.html.erb
  Rendered /Users/jonathon/.rvm/gems/ruby-2.3.3/gems/actionpack-5.0.7.1/lib/action_dispatch/middleware/templates/rescues/_trace.html.erb (1.9ms)
  Rendering /Users/jonathon/.rvm/gems/ruby-2.3.3/gems/actionpack-5.0.7.1/lib/action_dispatch/middleware/templates/rescues/_request_and_response.html.erb
  Rendered /Users/jonathon/.rvm/gems/ruby-2.3.3/gems/actionpack-5.0.7.1/lib/action_dispatch/middleware/templates/rescues/_request_and_response.html.erb (2.4ms)
  Rendered /Users/jonathon/.rvm/gems/ruby-2.3.3/gems/actionpack-5.0.7.1/lib/action_dispatch/middleware/templates/rescues/diagnostics.html.erb within rescues/layout (87.6ms)
Started POST "/school_classes" for ::1 at 2019-04-09 10:59:25 -0700
Processing by SchoolClassesController#create as HTML
  Parameters: {"utf8"=>"✓", "authenticity_token"=>"r7DzU5KtsVGB0CMfbeEUMS75d7bpFxthzi3+4+egO1hzxgl/3HXGtR/sxDFcPNjdzpVXgiFUxufdM31MTtN9yw==", "school_class"=>{"title"=>"5th grade", "room_number"=>"cool stuff"}, "commit"=>"Create School class"}
  [1m[35m (0.1ms)[0m  [1m[36mbegin transaction[0m
  [1m[35mSQL (0.4ms)[0m  [1m[32mINSERT INTO "school_classes" ("title", "room_number", "created_at", "updated_at") VALUES (?, ?, ?, ?)[0m  [["title", "5th grade"], ["room_number", 0], ["created_at", "2019-04-09 17:59:25.700540"], ["updated_at", "2019-04-09 17:59:25.700540"]]
  [1m[35m (1.3ms)[0m  [1m[36mcommit transaction[0m
Redirected to http://localhost:3000/school_classes/2
Completed 302 Found in 11ms (ActiveRecord: 2.5ms)


Started GET "/school_classes/2" for ::1 at 2019-04-09 10:59:25 -0700
Processing by SchoolClassesController#show as HTML
  Parameters: {"id"=>"2"}
  [1m[36mSchoolClass Load (0.1ms)[0m  [1m[34mSELECT  "school_classes".* FROM "school_classes" WHERE "school_classes"."id" = ? LIMIT ?[0m  [["id", 2], ["LIMIT", 1]]
  Rendering school_classes/show.html.erb within layouts/application
  Rendered school_classes/show.html.erb within layouts/application (2.8ms)
Completed 500 Internal Server Error in 15ms (ActiveRecord: 0.1ms)


  
ActionView::Template::Error (undefined method `title' for nil:NilClass):
    1: <h1><%= @school_class.title %></h1>
    2: <p><%= @school_class.room_number %></p>
  
app/views/school_classes/show.html.erb:1:in `_app_views_school_classes_show_html_erb__4203894862257960783_70123576268360'
  Rendering /Users/jonathon/.rvm/gems/ruby-2.3.3/gems/actionpack-5.0.7.1/lib/action_dispatch/middleware/templates/rescues/template_error.html.erb within rescues/layout
  Rendering /Users/jonathon/.rvm/gems/ruby-2.3.3/gems/actionpack-5.0.7.1/lib/action_dispatch/middleware/templates/rescues/_source.html.erb
  Rendered /Users/jonathon/.rvm/gems/ruby-2.3.3/gems/actionpack-5.0.7.1/lib/action_dispatch/middleware/templates/rescues/_source.html.erb (2.2ms)
  Rendering /Users/jonathon/.rvm/gems/ruby-2.3.3/gems/actionpack-5.0.7.1/lib/action_dispatch/middleware/templates/rescues/_trace.html.erb
  Rendered /Users/jonathon/.rvm/gems/ruby-2.3.3/gems/actionpack-5.0.7.1/lib/action_dispatch/middleware/templates/rescues/_trace.html.erb (1.1ms)
  Rendering /Users/jonathon/.rvm/gems/ruby-2.3.3/gems/actionpack-5.0.7.1/lib/action_dispatch/middleware/templates/rescues/_request_and_response.html.erb
  Rendered /Users/jonathon/.rvm/gems/ruby-2.3.3/gems/actionpack-5.0.7.1/lib/action_dispatch/middleware/templates/rescues/_request_and_response.html.erb (0.6ms)
  Rendered /Users/jonathon/.rvm/gems/ruby-2.3.3/gems/actionpack-5.0.7.1/lib/action_dispatch/middleware/templates/rescues/template_error.html.erb within rescues/layout (73.2ms)
Started GET "/school_classes/2" for ::1 at 2019-04-09 10:59:47 -0700
Processing by SchoolClassesController#show as HTML
  Parameters: {"id"=>"2"}
  [1m[36mSchoolClass Load (0.1ms)[0m  [1m[34mSELECT  "school_classes".* FROM "school_classes" WHERE "school_classes"."id" = ? LIMIT ?[0m  [["id", 2], ["LIMIT", 1]]
  Rendering school_classes/show.html.erb within layouts/application
  Rendered school_classes/show.html.erb within layouts/application (0.4ms)
Completed 200 OK in 17ms (Views: 14.1ms | ActiveRecord: 0.1ms)


  [1m[36mActiveRecord::SchemaMigration Load (0.1ms)[0m  [1m[34mSELECT "schema_migrations".* FROM "schema_migrations"[0m
  [1m[36mActiveRecord::InternalMetadata Load (1.4ms)[0m  [1m[34mSELECT  "ar_internal_metadata".* FROM "ar_internal_metadata" WHERE "ar_internal_metadata"."key" = ? LIMIT ?[0m  [["key", "environment"], ["LIMIT", 1]]
  [1m[35m (0.0ms)[0m  [1m[36mbegin transaction[0m
  [1m[35m (0.0ms)[0m  [1m[36mcommit transaction[0m
  [1m[36mActiveRecord::SchemaMigration Load (0.1ms)[0m  [1m[34mSELECT "schema_migrations".* FROM "schema_migrations"[0m
  [1m[35m (0.1ms)[0m  [1m[36mbegin transaction[0m
  [1m[35mSQL (0.4ms)[0m  [1m[32mINSERT INTO "school_classes" ("created_at", "updated_at") VALUES (?, ?)[0m  [["created_at", "2019-04-09 18:06:39.264733"], ["updated_at", "2019-04-09 18:06:39.264733"]]
  [1m[35m (1.0ms)[0m  [1m[36mcommit transaction[0m
Started GET "/school_classes" for ::1 at 2019-04-09 11:08:43 -0700
  [1m[36mActiveRecord::SchemaMigration Load (0.1ms)[0m  [1m[34mSELECT "schema_migrations".* FROM "schema_migrations"[0m
Processing by SchoolClassesController#index as HTML
  Rendering school_classes/index.html.erb within layouts/application
  [1m[36mSchoolClass Load (0.1ms)[0m  [1m[34mSELECT "school_classes".* FROM "school_classes"[0m
  Rendered school_classes/index.html.erb within layouts/application (4.3ms)
Completed 200 OK in 186ms (Views: 176.0ms | ActiveRecord: 0.4ms)


Started GET "/school_classes/new" for ::1 at 2019-04-09 11:08:51 -0700
Processing by SchoolClassesController#new as HTML
  Rendering school_classes/new.html.erb within layouts/application
  Rendered school_classes/new.html.erb within layouts/application (10.5ms)
Completed 200 OK in 27ms (Views: 24.4ms | ActiveRecord: 0.0ms)


Started POST "/school_classes" for ::1 at 2019-04-09 11:09:05 -0700
Processing by SchoolClassesController#create as HTML
  Parameters: {"utf8"=>"✓", "authenticity_token"=>"bCSfnNq0HsoGqLoPslegGU2WPO2baG3gaS4awtLhzHewUmWwlGxpLpiUXSGDimz1rfoc2VMrsGZ6MJlte5KK5A==", "school_class"=>{"title"=>"12th grade", "room_number"=>"awesome stuff\r\n"}, "commit"=>"Create School class"}
  [1m[35m (0.1ms)[0m  [1m[36mbegin transaction[0m
  [1m[35mSQL (0.5ms)[0m  [1m[32mINSERT INTO "school_classes" ("title", "room_number", "created_at", "updated_at") VALUES (?, ?, ?, ?)[0m  [["title", "12th grade"], ["room_number", 0], ["created_at", "2019-04-09 18:09:05.163523"], ["updated_at", "2019-04-09 18:09:05.163523"]]
  [1m[35m (0.8ms)[0m  [1m[36mcommit transaction[0m
Redirected to http://localhost:3000/school_classes/4
Completed 302 Found in 5ms (ActiveRecord: 1.4ms)


Started GET "/school_classes/4" for ::1 at 2019-04-09 11:09:05 -0700
Processing by SchoolClassesController#show as HTML
  Parameters: {"id"=>"4"}
  [1m[36mSchoolClass Load (0.1ms)[0m  [1m[34mSELECT  "school_classes".* FROM "school_classes" WHERE "school_classes"."id" = ? LIMIT ?[0m  [["id", 4], ["LIMIT", 1]]
  Rendering school_classes/show.html.erb within layouts/application
  Rendered school_classes/show.html.erb within layouts/application (0.4ms)
Completed 200 OK in 19ms (Views: 14.2ms | ActiveRecord: 0.1ms)


Started GET "/school_classes" for ::1 at 2019-04-09 11:09:32 -0700
Processing by SchoolClassesController#index as HTML
  Rendering school_classes/index.html.erb within layouts/application
  [1m[36mSchoolClass Load (0.2ms)[0m  [1m[34mSELECT "school_classes".* FROM "school_classes"[0m
  Rendered school_classes/index.html.erb within layouts/application (1.3ms)
Completed 200 OK in 18ms (Views: 15.3ms | ActiveRecord: 0.2ms)


Started GET "/school_classes/edit" for ::1 at 2019-04-09 11:09:38 -0700
Processing by SchoolClassesController#show as HTML
  Parameters: {"id"=>"edit"}
  [1m[36mSchoolClass Load (0.1ms)[0m  [1m[34mSELECT  "school_classes".* FROM "school_classes" WHERE "school_classes"."id" = ? LIMIT ?[0m  [["id", 0], ["LIMIT", 1]]
Completed 404 Not Found in 1ms (ActiveRecord: 0.1ms)


  
ActiveRecord::RecordNotFound (Couldn't find SchoolClass with 'id'=edit):
  
app/controllers/school_classes_controller.rb:8:in `show'
  Rendering /Users/jonathon/.rvm/gems/ruby-2.3.3/gems/actionpack-5.0.7.1/lib/action_dispatch/middleware/templates/rescues/diagnostics.html.erb within rescues/layout
  Rendering /Users/jonathon/.rvm/gems/ruby-2.3.3/gems/actionpack-5.0.7.1/lib/action_dispatch/middleware/templates/rescues/_source.html.erb
  Rendered /Users/jonathon/.rvm/gems/ruby-2.3.3/gems/actionpack-5.0.7.1/lib/action_dispatch/middleware/templates/rescues/_source.html.erb (1.7ms)
  Rendering /Users/jonathon/.rvm/gems/ruby-2.3.3/gems/actionpack-5.0.7.1/lib/action_dispatch/middleware/templates/rescues/_trace.html.erb
  Rendered /Users/jonathon/.rvm/gems/ruby-2.3.3/gems/actionpack-5.0.7.1/lib/action_dispatch/middleware/templates/rescues/_trace.html.erb (0.9ms)
  Rendering /Users/jonathon/.rvm/gems/ruby-2.3.3/gems/actionpack-5.0.7.1/lib/action_dispatch/middleware/templates/rescues/_request_and_response.html.erb
  Rendered /Users/jonathon/.rvm/gems/ruby-2.3.3/gems/actionpack-5.0.7.1/lib/action_dispatch/middleware/templates/rescues/_request_and_response.html.erb (0.7ms)
  Rendered /Users/jonathon/.rvm/gems/ruby-2.3.3/gems/actionpack-5.0.7.1/lib/action_dispatch/middleware/templates/rescues/diagnostics.html.erb within rescues/layout (71.2ms)
Started GET "/school_classes/1/edit" for ::1 at 2019-04-09 11:10:24 -0700
Processing by SchoolClassesController#edit as HTML
  Parameters: {"id"=>"1"}
  [1m[36mSchoolClass Load (0.1ms)[0m  [1m[34mSELECT  "school_classes".* FROM "school_classes" WHERE "school_classes"."id" = ? LIMIT ?[0m  [["id", 1], ["LIMIT", 1]]
  Rendering school_classes/edit.html.erb within layouts/application
  Rendered school_classes/edit.html.erb within layouts/application (1.4ms)
Completed 200 OK in 18ms (Views: 15.1ms | ActiveRecord: 0.1ms)


Started PATCH "/school_classes/1" for ::1 at 2019-04-09 11:10:31 -0700
Processing by SchoolClassesController#update as HTML
  Parameters: {"utf8"=>"✓", "authenticity_token"=>"rSWKQDCW+7yjDbCKxMDnCZ8SsjjdchT2ymUWktmB3L1xU3Bsfk6MWD0xV6T1HSvlf36SDBUxyXDZe5U9cPKaLg==", "school_class"=>{"title"=>"5th grade", "room_number"=>"4"}, "commit"=>"Update School class", "id"=>"1"}
  [1m[36mSchoolClass Load (0.1ms)[0m  [1m[34mSELECT  "school_classes".* FROM "school_classes" WHERE "school_classes"."id" = ? LIMIT ?[0m  [["id", 1], ["LIMIT", 1]]
  [1m[35m (0.0ms)[0m  [1m[36mbegin transaction[0m
  [1m[35mSQL (0.3ms)[0m  [1m[33mUPDATE "school_classes" SET "room_number" = ?, "updated_at" = ? WHERE "school_classes"."id" = ?[0m  [["room_number", 4], ["updated_at", "2019-04-09 18:10:31.894267"], ["id", 1]]
  [1m[35m (0.9ms)[0m  [1m[36mcommit transaction[0m
Redirected to http://localhost:3000/school_classes/1
Completed 302 Found in 5ms (ActiveRecord: 1.3ms)


Started GET "/school_classes/1" for ::1 at 2019-04-09 11:10:31 -0700
Processing by SchoolClassesController#show as HTML
  Parameters: {"id"=>"1"}
  [1m[36mSchoolClass Load (0.1ms)[0m  [1m[34mSELECT  "school_classes".* FROM "school_classes" WHERE "school_classes"."id" = ? LIMIT ?[0m  [["id", 1], ["LIMIT", 1]]
  Rendering school_classes/show.html.erb within layouts/application
  Rendered school_classes/show.html.erb within layouts/application (0.3ms)
Completed 200 OK in 17ms (Views: 14.0ms | ActiveRecord: 0.1ms)


Started GET "/school_classes" for ::1 at 2019-04-09 11:10:41 -0700
Processing by SchoolClassesController#index as HTML
  Rendering school_classes/index.html.erb within layouts/application
  [1m[36mSchoolClass Load (0.1ms)[0m  [1m[34mSELECT "school_classes".* FROM "school_classes"[0m
  Rendered school_classes/index.html.erb within layouts/application (0.9ms)
Completed 200 OK in 18ms (Views: 14.8ms | ActiveRecord: 0.1ms)


Started GET "/school_classes/2/edit" for ::1 at 2019-04-09 11:10:46 -0700
Processing by SchoolClassesController#edit as HTML
  Parameters: {"id"=>"2"}
  [1m[36mSchoolClass Load (0.1ms)[0m  [1m[34mSELECT  "school_classes".* FROM "school_classes" WHERE "school_classes"."id" = ? LIMIT ?[0m  [["id", 2], ["LIMIT", 1]]
  Rendering school_classes/edit.html.erb within layouts/application
  Rendered school_classes/edit.html.erb within layouts/application (1.4ms)
Completed 200 OK in 18ms (Views: 15.1ms | ActiveRecord: 0.1ms)


Started PATCH "/school_classes/2" for ::1 at 2019-04-09 11:10:51 -0700
Processing by SchoolClassesController#update as HTML
  Parameters: {"utf8"=>"✓", "authenticity_token"=>"LENUygRH6FoEPE5eYCETE4O4p9TZJ8YPK6bUD0hST+bwNa7mSp+fvpoAqXBR/N//Y9SH4BFkG4k4uFeg4SEJdQ==", "school_class"=>{"title"=>"5th grade", "room_number"=>"500"}, "commit"=>"Update School class", "id"=>"2"}
  [1m[36mSchoolClass Load (0.1ms)[0m  [1m[34mSELECT  "school_classes".* FROM "school_classes" WHERE "school_classes"."id" = ? LIMIT ?[0m  [["id", 2], ["LIMIT", 1]]
  [1m[35m (0.0ms)[0m  [1m[36mbegin transaction[0m
  [1m[35mSQL (0.3ms)[0m  [1m[33mUPDATE "school_classes" SET "room_number" = ?, "updated_at" = ? WHERE "school_classes"."id" = ?[0m  [["room_number", 500], ["updated_at", "2019-04-09 18:10:51.913716"], ["id", 2]]
  [1m[35m (1.1ms)[0m  [1m[36mcommit transaction[0m
Redirected to http://localhost:3000/school_classes/2
Completed 302 Found in 4ms (ActiveRecord: 1.5ms)


Started GET "/school_classes/2" for ::1 at 2019-04-09 11:10:51 -0700
Processing by SchoolClassesController#show as HTML
  Parameters: {"id"=>"2"}
  [1m[36mSchoolClass Load (0.1ms)[0m  [1m[34mSELECT  "school_classes".* FROM "school_classes" WHERE "school_classes"."id" = ? LIMIT ?[0m  [["id", 2], ["LIMIT", 1]]
  Rendering school_classes/show.html.erb within layouts/application
  Rendered school_classes/show.html.erb within layouts/application (0.3ms)
Completed 200 OK in 15ms (Views: 12.2ms | ActiveRecord: 0.1ms)


